#
# There is insufficient memory for the Java Runtime Environment to continue.
# Native memory allocation (malloc) failed to allocate 32744 bytes for ChunkPool::allocate
# Possible reasons:
#   The system is out of physical RAM or swap space
#   The process is running with CompressedOops enabled, and the Java Heap may be blocking the growth of the native heap
# Possible solutions:
#   Reduce memory load on the system
#   Increase physical memory or swap space
#   Check if swap backing store is full
#   Decrease Java heap size (-Xmx/-Xms)
#   Decrease number of Java threads
#   Decrease Java thread stack sizes (-Xss)
#   Set larger code cache with -XX:ReservedCodeCacheSize=
#   JVM is running with Zero Based Compressed Oops mode in which the Java heap is
#     placed in the first 32GB address space. The Java Heap base address is the
#     maximum limit for the native heap growth. Please use -XX:HeapBaseMinAddress
#     to set the Java Heap base and to place the Java Heap above 32GB virtual address.
# This output file may be truncated or incomplete.
#
#  Out of Memory Error (allocation.cpp:272), pid=17768, tid=0x00000000000058d4
#
# JRE version: Java(TM) SE Runtime Environment (8.0_251-b08) (build 1.8.0_251-b08)
# Java VM: Java HotSpot(TM) 64-Bit Server VM (25.251-b08 mixed mode windows-amd64 compressed oops)
# Failed to write core dump. Minidumps are not enabled by default on client versions of Windows
#

---------------  T H R E A D  ---------------

Current thread (0x000000001e899000):  JavaThread "C2 CompilerThread0" daemon [_thread_in_vm, id=22740, stack(0x000000001ee80000,0x000000001ef80000)]

Stack: [0x000000001ee80000,0x000000001ef80000]
[error occurred during error reporting (printing stack bounds), id 0xc0000005]

Native frames: (J=compiled Java code, j=interpreted, Vv=VM code, C=native code)


---------------  P R O C E S S  ---------------

Java Threads: ( => current thread )
  0x000000001e96f000 JavaThread "Service Thread" daemon [_thread_blocked, id=22848, stack(0x000000001f180000,0x000000001f280000)]
  0x000000001e904800 JavaThread "C1 CompilerThread2" daemon [_thread_blocked, id=9056, stack(0x000000001f080000,0x000000001f180000)]
  0x000000001e901800 JavaThread "C2 CompilerThread1" daemon [_thread_blocked, id=19028, stack(0x000000001ef80000,0x000000001f080000)]
=>0x000000001e899000 JavaThread "C2 CompilerThread0" daemon [_thread_in_vm, id=22740, stack(0x000000001ee80000,0x000000001ef80000)]
  0x000000001e5f0800 JavaThread "JDWP Command Reader" daemon [_thread_in_native, id=5624, stack(0x000000001ed80000,0x000000001ee80000)]
  0x000000001e5e5800 JavaThread "JDWP Event Helper Thread" daemon [_thread_blocked, id=10784, stack(0x000000001ec80000,0x000000001ed80000)]
  0x000000001e5d9800 JavaThread "JDWP Transport Listener: dt_socket" daemon [_thread_blocked, id=2300, stack(0x000000001eb80000,0x000000001ec80000)]
  0x000000001e5d6800 JavaThread "Attach Listener" daemon [_thread_blocked, id=23356, stack(0x000000001ea80000,0x000000001eb80000)]
  0x000000001e58b800 JavaThread "Signal Dispatcher" daemon [_thread_blocked, id=8908, stack(0x000000001e980000,0x000000001ea80000)]
  0x00000000032db800 JavaThread "Finalizer" daemon [_thread_blocked, id=18980, stack(0x000000001e410000,0x000000001e510000)]
  0x000000001cb6c000 JavaThread "Reference Handler" daemon [_thread_blocked, id=4636, stack(0x000000001e310000,0x000000001e410000)]
  0x00000000031e6000 JavaThread "main" [_thread_in_vm, id=17112, stack(0x0000000002be0000,0x0000000002ce0000)]

Other Threads:
  0x000000001cb48000 VMThread [stack: 0x000000001e210000,0x000000001e310000] [id=4512]

VM state:not at safepoint (normal execution)

VM Mutex/Monitor currently owned by a thread: None

heap address: 0x00000006c0c00000, size: 4084 MB, Compressed Oops mode: Zero based, Oop shift amount: 3
Narrow klass base: 0x0000000000000000, Narrow klass shift: 3
Compressed class space size: 1073741824 Address: 0x00000007c0000000

Heap:
 PSYoungGen      total 76288K, used 5272K [0x000000076af00000, 0x0000000770400000, 0x00000007c0000000)
  eden space 65536K, 8% used [0x000000076af00000,0x000000076b426328,0x000000076ef00000)
  from space 10752K, 0% used [0x000000076f980000,0x000000076f980000,0x0000000770400000)
  to   space 10752K, 0% used [0x000000076ef00000,0x000000076ef00000,0x000000076f980000)
 ParOldGen       total 175104K, used 0K [0x00000006c0c00000, 0x00000006cb700000, 0x000000076af00000)
  object space 175104K, 0% used [0x00000006c0c00000,0x00000006c0c00000,0x00000006cb700000)
 Metaspace       used 3045K, capacity 4556K, committed 4864K, reserved 1056768K
  class space    used 321K, capacity 392K, committed 512K, reserved 1048576K

Card table byte_map: [0x00000000126a0000,0x0000000012ea0000] byte_map_base: 0x000000000f09a000

Marking Bits: (ParMarkBitMap*) 0x00000000681faf90
 Begin Bits: [0x0000000013a00000, 0x00000000179d0000)
 End Bits:   [0x00000000179d0000, 0x000000001b9a0000)

Polling page: 0x0000000001410000

CodeCache: size=245760Kb used=1076Kb max_used=1076Kb free=244683Kb
 bounds [0x00000000032e0000, 0x0000000003550000, 0x00000000122e0000]
 total_blobs=230 nmethods=4 adapters=162
 compilation: enabled

Compilation events (0 events):
No events

GC Heap History (0 events):
No events

Deoptimization events (0 events):
No events

Classes redefined (0 events):
No events

Internal exceptions (2 events):
Event: 0.044 Thread 0x00000000031e6000 Exception <a 'java/lang/NoSuchMethodError': Method sun.misc.Unsafe.defineClass(Ljava/lang/String;[BII)Ljava/lang/Class; name or signature does not match> (0x000000076af07cc0) thrown at [C:\jenkins\workspace\8-2-build-windows-amd64-cygwin\jdk8u251\737\hots
Event: 0.044 Thread 0x00000000031e6000 Exception <a 'java/lang/NoSuchMethodError': Method sun.misc.Unsafe.prefetchRead(Ljava/lang/Object;J)V name or signature does not match> (0x000000076af07fa8) thrown at [C:\jenkins\workspace\8-2-build-windows-amd64-cygwin\jdk8u251\737\hotspot\src\share\vm\p

Events (10 events):
Event: 0.305 Thread 0x000000001e904800 Thread added: 0x000000001e904800
Event: 0.306 loading class java/lang/invoke/MethodHandleImpl
Event: 0.306 loading class java/lang/invoke/MethodHandleImpl done
Event: 0.306 loading class java/lang/invoke/MethodHandleImpl$1
Event: 0.306 loading class java/lang/invoke/MethodHandleImpl$1 done
Event: 0.306 loading class java/lang/invoke/MethodHandleImpl$2
Event: 0.306 loading class java/util/function/Function
Event: 0.306 loading class java/util/function/Function done
Event: 0.306 loading class java/lang/invoke/MethodHandleImpl$2 done
Event: 0.306 loading class java/lang/invoke/MethodHandleImpl$3


Dynamic libraries:
0x00007ff6e14b0000 - 0x00007ff6e14e7000 	C:\Program Files\Java\jdk1.8.0_251\bin\java.exe
0x00007ffbebaf0000 - 0x00007ffbebce5000 	C:\WINDOWS\SYSTEM32\ntdll.dll
0x00007ffbeb2c0000 - 0x00007ffbeb37d000 	C:\WINDOWS\System32\KERNEL32.DLL
0x00007ffbe92b0000 - 0x00007ffbe9579000 	C:\WINDOWS\System32\KERNELBASE.dll
0x00007ffbeaf20000 - 0x00007ffbeafcc000 	C:\WINDOWS\System32\ADVAPI32.dll
0x00007ffbe9fd0000 - 0x00007ffbea06e000 	C:\WINDOWS\System32\msvcrt.dll
0x00007ffbeb3e0000 - 0x00007ffbeb47b000 	C:\WINDOWS\System32\sechost.dll
0x00007ffbe9b50000 - 0x00007ffbe9c7a000 	C:\WINDOWS\System32\RPCRT4.dll
0x00007ffbeb000000 - 0x00007ffbeb1a0000 	C:\WINDOWS\System32\USER32.dll
0x00007ffbe9280000 - 0x00007ffbe92a2000 	C:\WINDOWS\System32\win32u.dll
0x00007ffbeae00000 - 0x00007ffbeae2a000 	C:\WINDOWS\System32\GDI32.dll
0x00007ffbe96b0000 - 0x00007ffbe97bb000 	C:\WINDOWS\System32\gdi32full.dll
0x00007ffbe9610000 - 0x00007ffbe96ad000 	C:\WINDOWS\System32\msvcp_win.dll
0x00007ffbe97c0000 - 0x00007ffbe98c0000 	C:\WINDOWS\System32\ucrtbase.dll
0x00007ffbd9e60000 - 0x00007ffbda0fa000 	C:\WINDOWS\WinSxS\amd64_microsoft.windows.common-controls_6595b64144ccf1df_6.0.19041.1110_none_60b5254171f9507e\COMCTL32.dll
0x00007ffbeafd0000 - 0x00007ffbeb000000 	C:\WINDOWS\System32\IMM32.DLL
0x00000000689d0000 - 0x0000000068aa2000 	C:\Program Files\Java\jdk1.8.0_251\jre\bin\msvcr100.dll
0x00000000679d0000 - 0x000000006827b000 	C:\Program Files\Java\jdk1.8.0_251\jre\bin\server\jvm.dll
0x00007ffbe9c80000 - 0x00007ffbe9c88000 	C:\WINDOWS\System32\PSAPI.DLL
0x00007ffbe5070000 - 0x00007ffbe5079000 	C:\WINDOWS\SYSTEM32\WSOCK32.dll
0x00007ffbead90000 - 0x00007ffbeadfb000 	C:\WINDOWS\System32\WS2_32.dll
0x00007ffbdf510000 - 0x00007ffbdf537000 	C:\WINDOWS\SYSTEM32\WINMM.dll
0x00007ffbe4390000 - 0x00007ffbe439a000 	C:\WINDOWS\SYSTEM32\VERSION.dll
0x00007ffbe4850000 - 0x00007ffbe485f000 	C:\Program Files\Java\jdk1.8.0_251\jre\bin\verify.dll
0x00007ffbdd260000 - 0x00007ffbdd289000 	C:\Program Files\Java\jdk1.8.0_251\jre\bin\java.dll
0x00007ffbd7b70000 - 0x00007ffbd7ba5000 	C:\Program Files\Java\jdk1.8.0_251\jre\bin\jdwp.dll
0x00007ffbe15d0000 - 0x00007ffbe15d8000 	C:\Program Files\Java\jdk1.8.0_251\jre\bin\npt.dll
0x00007ffbce7f0000 - 0x00007ffbce813000 	C:\Program Files\Java\jdk1.8.0_251\jre\bin\instrument.dll
0x00007ffbddee0000 - 0x00007ffbddef6000 	C:\Program Files\Java\jdk1.8.0_251\jre\bin\zip.dll
0x00007ffbea630000 - 0x00007ffbead6f000 	C:\WINDOWS\System32\SHELL32.dll
0x00007ffbe7350000 - 0x00007ffbe7ae0000 	C:\WINDOWS\SYSTEM32\windows.storage.dll
0x00007ffbea220000 - 0x00007ffbea575000 	C:\WINDOWS\System32\combase.dll
0x00007ffbe8c80000 - 0x00007ffbe8cac000 	C:\WINDOWS\SYSTEM32\Wldp.dll
0x00007ffbe9e20000 - 0x00007ffbe9ece000 	C:\WINDOWS\System32\SHCORE.dll
0x00007ffbeb380000 - 0x00007ffbeb3d5000 	C:\WINDOWS\System32\shlwapi.dll
0x00007ffbe9160000 - 0x00007ffbe917f000 	C:\WINDOWS\SYSTEM32\profapi.dll
0x00007ffbdf810000 - 0x00007ffbdf819000 	C:\Program Files\Java\jdk1.8.0_251\jre\bin\dt_socket.dll
0x00007ffbe89e0000 - 0x00007ffbe8a4a000 	C:\WINDOWS\system32\mswsock.dll

VM Arguments:
jvm_args: -agentlib:jdwp=transport=dt_socket,address=127.0.0.1:51916,suspend=y,server=n -javaagent:C:\Users\Administrator\AppData\Local\JetBrains\IntelliJIdea2021.1\captureAgent\debugger-agent.jar -Dfile.encoding=UTF-8 
java_command: com.example.demo.rpc.RpcTest
java_class_path (initial): C:\Program Files\Java\jdk1.8.0_251\jre\lib\charsets.jar;C:\Program Files\Java\jdk1.8.0_251\jre\lib\deploy.jar;C:\Program Files\Java\jdk1.8.0_251\jre\lib\ext\access-bridge-64.jar;C:\Program Files\Java\jdk1.8.0_251\jre\lib\ext\cldrdata.jar;C:\Program Files\Java\jdk1.8.0_251\jre\lib\ext\dnsns.jar;C:\Program Files\Java\jdk1.8.0_251\jre\lib\ext\jaccess.jar;C:\Program Files\Java\jdk1.8.0_251\jre\lib\ext\jfxrt.jar;C:\Program Files\Java\jdk1.8.0_251\jre\lib\ext\localedata.jar;C:\Program Files\Java\jdk1.8.0_251\jre\lib\ext\nashorn.jar;C:\Program Files\Java\jdk1.8.0_251\jre\lib\ext\sunec.jar;C:\Program Files\Java\jdk1.8.0_251\jre\lib\ext\sunjce_provider.jar;C:\Program Files\Java\jdk1.8.0_251\jre\lib\ext\sunmscapi.jar;C:\Program Files\Java\jdk1.8.0_251\jre\lib\ext\sunpkcs11.jar;C:\Program Files\Java\jdk1.8.0_251\jre\lib\ext\zipfs.jar;C:\Program Files\Java\jdk1.8.0_251\jre\lib\javaws.jar;C:\Program Files\Java\jdk1.8.0_251\jre\lib\jce.jar;C:\Program Files\Java\jdk1.8.0_251\jre\lib\jfr.jar;C:\Program Files\Java\jdk1.8.0_251\jre\lib\jfxswt.jar;C:\Program Files\Java\jdk1.8.0_251\jre\lib\jsse.jar;C:\Program Files\Java\jdk1.8.0_251\jre\lib\management-agent.jar;C:\Program Files\Java\jdk1.8.0_251\jre\lib\plugin.jar;C:\Program Files\Java\jdk1.8.0_251\jre\lib\resources.jar;C:\Program Files\Java\jdk1.8.0_251\jre\lib\rt.jar;H:\TestAdvice\target\classes;D:\tools\maven\maven-repository\org\springframework\boot\spring-boot-starter-web\2.3.4.RELEASE\spring-boot-starter-web-2.3.4.RELEASE.jar;D:\tools\maven\maven-repository\org\springframework\boot\spring-boot-starter\2.3.4.RELEASE\spring-boot-starter-2.3.4.RELEASE.jar;D:\tools\maven\maven-repository\org\springframework\boot\spring-boot\2.3.4.RELEASE\spring-boot-2.3.4.RELEASE.jar;D:\tools\maven\maven-repository\org\springframework\boot\spring-boot-autoconfigure\2.3.4.RELEASE\spring-boot-autoconfigure-2.3.4.RELEASE.jar;D:\tools\maven\maven-repository\org\springframework\boot\spring-boot-starter-logging\2.3.4.RELEASE\s
Launcher Type: SUN_STANDARD

Environment Variables:
JAVA_HOME=C:\Program Files\Java\jdk1.8.0_251
CLASSPATH=.;C:\Program Files\Java\jdk1.8.0_251\lib\dt.jar;C:\Program Files\Java\jdk1.8.0_251\lib\tools.jar
PATH=C:\Program Files\VanDyke Software\Clients\;C:\Program Files (x86)\Common Files\Oracle\Java\javapath;C:\WINDOWS\system32;C:\WINDOWS;C:\WINDOWS\System32\Wbem;C:\WINDOWS\System32\WindowsPowerShell\v1.0\;C:\WINDOWS\System32\OpenSSH\;D:\tools\jdk1.8\bin;D:\tools\maven\apache-maven-3.6.3\bin;D:\tools\Git\cmd;D:\tools\OpenVPN\bin;D:\tools\zookeeper-3.4.12\bin;%ZOOKEEPER_HOME\conf;D:\software\OpenVPN\bin;D:\tools\xshell\;C:\Users\Administrator\AppData\Local\Microsoft\WindowsApps;
USERNAME=Administrator
OS=Windows_NT
PROCESSOR_IDENTIFIER=Intel64 Family 6 Model 158 Stepping 10, GenuineIntel



---------------  S Y S T E M  ---------------

OS: Windows 10.0 , 64 bit Build 19041 (10.0.19041.1151)

CPU:total 6 (initial active 6) (6 cores per cpu, 1 threads per core) family 6 model 158 stepping 10, cmov, cx8, fxsr, mmx, sse, sse2, sse3, ssse3, sse4.1, sse4.2, popcnt, avx, avx2, aes, clmul, erms, 3dnowpref, lzcnt, tsc, tscinvbit, bmi1, bmi2, adx

Memory: 4k page, physical 16720092k(6578668k free), swap 20914396k(3148k free)

vm_info: Java HotSpot(TM) 64-Bit Server VM (25.251-b08) for windows-amd64 JRE (1.8.0_251-b08), built on Mar 12 2020 06:31:49 by "" with MS VC++ 10.0 (VS2010)

time: Tue Aug 17 16:53:54 2021
timezone: 中国标准时间
elapsed time: 0 seconds (0d 0h 0m 0s)

